<?xml version="1.0" encoding="UTF-8"?>
<!-- Generated by org.testng.reporters.JUnitReportReporter -->
<testsuite skipped="0" hostname="DESKTOP-SF3L7VT" name="services.UIBank" tests="3" failures="0" timestamp="2021-10-25T20:33:22 IST" time="5.494" errors="0">
  <testcase name="loginUiBank" time="3.528" classname="services.UIBank"/>
  <system-out/>
  <testcase name="createNewAccount" time="0.963" classname="services.UIBank"/>
  <system-out/>
  <testcase name="getAllAccounts" time="1.003" classname="services.UIBank"/>
  <system-out/>
</testsuite> <!-- services.UIBank -->
