<?xml version="1.0" encoding="UTF-8"?>
<!-- Generated by org.testng.reporters.JUnitReportReporter -->
<testsuite skipped="0" hostname="DESKTOP-SF3L7VT" name="services.IncidentRequest" tests="5" failures="0" timestamp="2021-10-16T23:45:26 IST" time="48.605" errors="0">
  <testcase name="getIncidentRequest" time="7.577" classname="services.IncidentRequest"/>
  <system-out/>
  <testcase name="getAllIncidentRequest" time="10.573" classname="services.IncidentRequest"/>
  <system-out/>
  <testcase name="createIncidentRequest" time="13.237" classname="services.IncidentRequest"/>
  <system-out/>
  <testcase name="deleteIncidentRequest" time="8.371" classname="services.IncidentRequest"/>
  <system-out/>
  <testcase name="patchIncidentRequest" time="8.847" classname="services.IncidentRequest"/>
  <system-out/>
</testsuite> <!-- services.IncidentRequest -->
