<?xml version="1.0" encoding="UTF-8"?>
<!-- Generated by org.testng.reporters.JUnitReportReporter -->
<testsuite skipped="0" hostname="DESKTOP-SF3L7VT" name="services.ChangeRequest" tests="3" failures="0" timestamp="2021-10-17T12:02:44 IST" time="7.580" errors="0">
  <testcase name="getAllAccounts" time="0.975" classname="services.ChangeRequest"/>
  <system-out/>
  <testcase name="createNewAccount" time="0.916" classname="services.ChangeRequest"/>
  <system-out/>
  <testcase name="loginUiBank" time="5.689" classname="services.ChangeRequest"/>
  <system-out/>
</testsuite> <!-- services.ChangeRequest -->
