<?xml version="1.0" encoding="UTF-8"?>
<!-- Generated by org.testng.reporters.JUnitReportReporter -->
<testsuite skipped="0" hostname="DESKTOP-SF3L7VT" name="services.IncidentTests" tests="2" failures="0" timestamp="2021-10-16T16:00:01 IST" time="11.470" errors="0">
  <testcase name="createIncident" time="7.345" classname="services.IncidentTests"/>
  <system-out/>
  <testcase name="getIncidents" time="4.125" classname="services.IncidentTests"/>
  <system-out/>
</testsuite> <!-- services.IncidentTests -->
