<?xml version="1.0" encoding="UTF-8"?>
<!-- Generated by org.testng.reporters.JUnitReportReporter -->
<testsuite skipped="0" hostname="ADFL-1312" name="runner.RunTest" tests="2" failures="0" timestamp="2021-10-10T12:40:05 IST" time="10.059" errors="0">
  <testcase name="runScenario" time="6.169" classname="runner.RunTest"/>
  <system-out/>
  <testcase name="runScenario" time="3.890" classname="runner.RunTest"/>
  <system-out/>
</testsuite> <!-- runner.RunTest -->
