<?xml version="1.0" encoding="UTF-8"?>
<!-- Generated by org.testng.reporters.JUnitReportReporter -->
<testsuite skipped="0" hostname="ADFL-1312" name="services.IncidentTests" tests="2" failures="0" timestamp="2021-10-10T12:40:05 IST" time="8.551" errors="0">
  <testcase name="createIncident" time="3.760" classname="services.IncidentTests"/>
  <system-out/>
  <testcase name="getIncidents" time="4.791" classname="services.IncidentTests"/>
  <system-out/>
</testsuite> <!-- services.IncidentTests -->
